7E 1 F8 5444FA6870BB00837EC297A3B2C7D36D96DC15B71CFB49C7 data 7E
7E 2 8B 4C33D5C9A57F12DD2CDA8F1A730BBEBEE984FA35267A02AD8E763F7418FBA1FC6ECFBA262C3624D7E3070B10582D1D5A3D2C997A47AFD1F78B39C676CA2BEBDF6C24A009B6452BAF7EC04C7215333621F9E5E43FA34FBEB4400B6F7D878F572458660E4CBC3FF87BBBABBADD67E63909E23D50EA992BA053935D126927C9DB58B5E0ACA77B7EC9500DA10A87C04EE596F03650983A22AB18CA0F51A3E443CDAD80B5AA0283 data 7E
7E 3 84 CC06D467E125BEF95B442825530735E77F353918749FF6D48751BAE0B34D3F22A3497387A4B69C0E417E059BD4F5A2C42F792901EDB775F5C453A738A1FB890647E5093C6153342A4D275F68BF0FDCCD97AF954C data 7E
7E 4 6F 741012F250DCD2257951B5F805DD4E25D8EE6C2D22E1C4D5C5AD03FE72EF5CDD9E69626E746CC36E7416C798A74AA30C755D6D35A4352F9FB3F139 data 7E
7E 5 7A DA86DBB4D5FC4C67B66D28BB30EBF60BCFE1B999DF59201F200C562B46DBB5E464647E46ABCE2AF8E1719EB4A84A67EE720917986A7E76A35855ABE0B73546BCE252F46C81C481EF8065C7331F36E4BA61B459C554DA38E64C52EEDFBBA8159E335D998B1F08ACE5545D23D3F2800634037F5B1D1A4E9CB967B6F2E073FACE1B5542F4891B3D471A28604CBB8F3CD44621FF0E3D data 7E
7E 6 E9 BCAEBD3B99C9A774F84BDC5459222F74A70C84670CE1406B3D50C4EA2D6C85EFC373D924499C66E804955DE66E20A9C7 data 7E
7E 7 EA A9F8675171F9FF8B4B4F997EF7797C9422A7EB341DC831C1B0ADC8E83DC6A183A8E39BCBABBA56CCDDD5F93AB64FEAFAD7688A4FE8ACAFB0B738CF18F95972E88EAD926AB4 data 7E
7E 8 E8 DF6D8FD86A436E120D5A284570668AEB28A497CF8A3808417B1E5E4395D88BE38C32F40E1049FF3758C17732602A18475E5AA058CBC11D1F72322DE44D4235EE3659A3FF9796 data 7E
7E 9 67 D693AA1A801A0ED5DC8DD83C817CE68F22A0FE9D4258E1 data 7E
7E 10 F0 990A4813D268173CB08E6406AE649EDFDD72DB60BB9D327CCFD884307ECE33509D6F3CBE4E3B41B7EE1305CCC57A34C28E60F56966C684BF06E3E9122852C2F3DCFC8931643E0B787256FE88E2D6304068077C6E6BE5AD323578FAC686A6C5823A90122C772FA2B9F3366B57FC38DA435C4D6B9AAB0D0912E4B26E4D754C34A266AF0DD25BA9E674B207FE3EB16FF01671FE02A4CF data 7E
7E 11 45 7BD51CE175AD54E55D157897532381ECC7A8423FC7360DCF12404115EB94A23ED70C1A967F74CEE7EB7DB8095B361C35F473D58F548ABD99CC720269AAB480B24865900031C8492F4D92BF85A595BAE8FC5A3CDE6B13C28678E1C45A712F40BE8712AF1A6E02E7B9220608A9E9BF8AFDA41D93FEEB485164C3E1B11D55670F6F882CAF3F82F171B8408500DC2A7D709935F8DB75436C6F078ABF5B403D6212420A7DFD8CEDC1 data 7E
7E 12 6E 179EEB8DC7A9FBA932056B728804196D7D5B1462A7FD5E3FD52DC97D81C0B10540D43C20702B3127ABAD9A1B3412198D217E9F4AFF0A1EC1BE7DB87EE6177C215DFD9FECA2E3D487DF24912345AFAACE2B1A7E9F6046830B43E496D0D6C592CEB9B8DD7AF4726AAABF8B5498 data 7E
7E 13 99 6382C8D987E0CA1240728C6425DD61E57B44E0F89FE77CFE03653A8B2CFC6EA8C1EE97CDCB5E8499D766D8304706FCB055428CB2B831429DC6A8F9EA29709250D0B1F26D88BFB7EDD8022EC43B63F290 data 7E
7E 14 7B 094842846B53BF1279EE0F5C8873EF860403C4343927E2AE5A85C4848F776F957D44186151050AB15BC8FD77F0930EB9EE6A03552A428F0E7C7DE5F80549BB1B21C27BB865633660F349419439D837417F02AB0AA68666CC1DBD92F138262DC40F87C662467CEE0D9505D5504014E94C88D46CCD008AC27B309FD7139F6A8CFA9B3E361A10DC54173B46883C7DCC543762493CD8DEF09B2B113BC27E66EA4A7BBC4DDB2DB7DF700A19B7DC1BA307C756BA5B6C2DBB5524F77C data 7E
7E 15 C5 7018575C6C678F64EE2E6F81E960161D1A62F626A2026722617017E0555DBB0C12118D8A98E892A6C9D3588EFF0780B085D148074A774AD358821A658FBBD8F279456C99D291722E9F0C99FB0CECC7AA685B466CA3FF620CB2E6574184E09CF9870D010843A7BC805C4D1E62EC2DE52FFBE7879096CF0F7B0155B53E2C428DA498D93D4EED3CB4A2C543B3751552D9B24DFB3049F6F0494075C10FA332E9DB5CB451F3F512F990BDD2090398257939 data 7E
7E 16 5D 00922BB9220EA481E3F71262B55F8D476DA21BDF2AA6AD44767240E2EE0BCF635A0F4AA3444B05FB996C95D3B56941D1C05A922C1A810FEA67EC43DD5A3C0178367931B0155D76F23054CBFA5900C87123B2ABE8753B1AC32142D3FABB3AAD0668CDBE35720F022E8C4DE0922E351E7956715DAB659FBA99B397FA4198498786D9E83E874F1994F213DD08DDFF4B79774173D7A3D4C432D405450EC0E4591F78 data 7E
7E 17 3C C3D3C45DA6824AB32084EED71329E804D868177FADA060940E7A270BF7742653D63A82A61B243EEA6FF1BDEDD35BEE7E9E99E636EFE39331C8586CB9DD601E17F2500E45B81B73E5555BD8933F66D8E2BC5C78677F0CD196B1239F data 7E
7E 18 E2 4F8901DAF1697C8A4838B1946C8CD2D09BEAE8713E609B9313CE37AEE8E1AC data 7E
7E 19 44 1EB19EE8D576A2CEFF522192888D0BE4E9B73B0F0AE35E858E6D2458445CB446BB3FDF2608ED6F2472BCDCD85D2C6D41D4242D3E2B8E050A30351DB4F64D488B4E96DA3820D6F1EF100FA7626406CBDAC375844030B137A781BAC72154B0 data 7E
7E 20 BD 6A22FF6718412E599DA3474C2E8D503C7A3CEF122E24EB468EB23C8A9218ECD405CE1698289DA2FB13F7BA7DA108A646 data 7E
7E 21 E1 B6914405E2C834DA72BF4D97DB3A9389321101AFEAA2FE50F6705325EAD678BDFEE01CCBFEF75670E23FE07908C092584B6F7436C8834BF6280669DFB9B8AFF14CA2035E5D3DC18B0A288E7E43D38F97EFAD5D627D6842C581B9AED4C59AB672DD6E423FDFB3A559E43FA8D1D880EA9CF9023FBC340AFDA23E298D1B894AAD163584CF3D45650AF663A04A9CD444002780764F data 7E
7E 22 6E 4643DD566441291F4DB913BD38ED6CA45CD2190824EA0F20BCFBF36E8D7E63F8858CC7C5A8D73BA568A983FDA0CD66F3329EB0B8 data 7E
7E 23 66 820D00AFF51D1F4C80A4CEE2670CBC2288603B0EF74FF32FF7C6A50668DC055C6E02A83BC3D57C9BF82EBB47A0 data 7E
7E 24 AA 629D2C200B24243F46480BE74C83E37FE40BC321F59262ABEEC315D99DB881F807A573A074575A1A1518FB6D86AE7B30 data 7E
7E 25 D7 DE4AF019C778C8C9AEC562ED19FF94CC41B7859B133F5B8BB2CC1C02AFDBEA4FD7016AE0A2675EFA32F832EBC71EC811AA02DCA9DC2DC60F71059252A1668549A380F4B59D7DF1496409731E11BE46D72EAB9C4A7F51B45F841E2B29B8CA98C5CF23376991E2629F9A data 7E
7E 26 78 E104100E28BC9E47B41C993953564324F03E595586A960B2DE3414E29D0D90C368ABB6A39E581A8F896454A3B2B97B7ED80D99BE48CFDB48A203D81B7BA9836646087AF736FD350A1ECA723E2C10AF97726B8DB9F6B04704BA2B1492AE483C8105D107FA9316211FAFD572272D9EBCCE21BE8873EDAA1CCF data 7E
7E 27 BB 63374246ADE850D3B1A1B4CFCFAC99445C8B6D92C785CC45D50809DB221E0EA5E444611E1404ACD1B4D56FE553B123B688D2CEB2133584CBFFEEFE624BA46308A1C1A295814D63831F2851A3DB14C58E3BEC75AA3635F09BD68130 data 7E
7E 28 74 D98A237BE6D87B964CA63486F51C577BE6CCFE85B4B331BBC06ADF6806BC2DEAD2683A2BE46236403BD65FD6BB58CC626C06EE1250B38CBB700AE3AFE7F9E88D08C7A43FD4293F2021D4C6451CCB4348C82F15743CE38B9F603D6DA0539BA8835052FBBB27EA690600B0AC328B516AAE1EBA83 data 7E
7E 29 CF 2A8EF2182A108B5ADC3D8B9C02BB90A05B0493F1A0084F3AF6F6CA5353 data 7E
7E 30 47 138A31F3E9A8CC445343A590345405702F45C3D5C3DE772773CBD7E868EC10F8AF8B4754E4987306AFD9487C4357CDAD22BEBE3D910EEC16D6A6E4DC424C753D9C54C815BE7E3577942C2FABCAE751874877ABEAD293630F25C1F8C678BB3869F3 data 7E
7E 31 03 229A4A958F3D5CBEE0A2AA9CE881D45142187A4EEB8BF26DD5FA432895217149BE7B5BCC256B2AB94B19E3DD0327CC6A68C736ED9403B0E49121E75F0358D64C8BB31B9BC2F9B559451883703F778B0131F1CEFF042AEFC059F3CEF2B0036FE5A25299953F286A274D02D12C0CF15B5A4C7267DBB86746E809A8E75ED11F5E5E5C94EC2FBFBAAC28152859C8B1D02F950D7BF48E44D843 data 7E
7E 32 95 6DC59408B71A72DE322D9BA48671EE6D35E97C9C025D6CB7F4E7E7394FB711CB40F039B4078B24E1B41EC315459B2B74C3BD7B7B0E1AFFD1BDE2B0B550D0333818C00B0532D9CFC16546C93B60550A5125806DE702D5897D1CB47D0330ECF20BE4AFE71EB575FB0D26849BC71FB933E7CF0663A0AB12E0DEDD8C data 7E
7E 33 09 4F34EEFC232857697442B1E8669DC7CE34487BA9 data 7E
7E 34 3E A57DE63B130344BD7AB7BBA6A41D8B3B4EF407789E32255ABE1C7FA9B5F979E34D2C7F464FCFD21A00C819BEFD1603E22838DC053966246C9D45F5764FC6640186573D3BB7B28542AFE8C2F4FEA6B951C97CD3D7F5F260E1AD data 7E
7E 35 ED CC582DA4EA7A505ECE6D0D71BAD460AE5167418E64A64DF45F088A572ABC22050C6A600E09B68480A35F358C044699F63EAE36F8B5912A9DBDC99AB380B24D0B0A70679EB8902C095AB50945BB6CD7C29E765D4DFA3D54648234468D73 data 7E
7E 36 E1 6CC196354A5CE44E995482AE51A5111E7306CE466D91B9482A963588984909D0C74D7B146B82CB33C67419A12BAA74397E881DC9C4E293D2FC77530182C01336A076F2D8C04A1CD914DE527CD5C5AA77576CD88425BCF99C7B6BF7DB1712322DCD8589614B4EF1CD496BA12999EAFAC6609E3FAABA08C095ED9FD288C4BCBC18B6BC91641B0AEABBB95918AF6C93B92530EF data 7E
7E 37 A9 E59184E94D2C513E530E8B6149123F659641806568603FECF0159066267D5FD7D3975D55717666C97CD4868BF13EAB259563 data 7E
7E 38 98 F48A8F1D592C7DA7F66759FCBE647D2192FD8068E263760A275648183F51 data 7E
7E 39 C6 16BE5D703538FF433EF63DF994C79FF7B1901D1EE27C53F8A7BCA01B5F083D36DFF041233BFF6FF2294CE55F9881E8C70B16D21801A0DEE48B63014501A0B359104AE5E80379AACD56F8AF8EAF6036062EB680529AC520AFEBDA01994F1A02B18A data 7E
7E 40 15 4944980418E34068A6CA356C82C6390CE07AED6C53A6DEA892D53D5B3774EB87229110D9C090290A6E94608A82F46013B576D48DBB192856E2E3EEBFFCE1038AC77A03BD44A1E0EEF4CE7030CE23F30E055D62C2018A2A4D4772703D0007C0FF33E19244818